[ 2018-08-14T09:44:56+08:00 ] 127.0.0.1 /favicon.ico
INFO: [ app_init ] --START--
INFO: Run Behavior\BuildLiteBehavior [ RunTime:0.000000s ]
INFO: [ app_init ] --END-- [ RunTime:0.000000s ]
ERR: 无法加载模块:Favicon

[ 2018-08-14T09:53:02+08:00 ] 127.0.0.1 /favicon.ico
INFO: [ app_init ] --START--
INFO: Run Behavior\BuildLiteBehavior [ RunTime:0.000000s ]
INFO: [ app_init ] --END-- [ RunTime:0.000000s ]
ERR: 无法加载模块:Favicon

[ 2018-08-14T09:54:11+08:00 ] 127.0.0.1 /free.html
INFO: [ app_init ] --START--
INFO: Run Behavior\BuildLiteBehavior [ RunTime:0.000000s ]
INFO: [ app_init ] --END-- [ RunTime:0.000000s ]
ERR: 无法加载模块:Free

[ 2018-08-14T10:04:43+08:00 ] 127.0.0.1 /index/login.html
INFO: [ app_init ] --START--
INFO: Run Behavior\BuildLiteBehavior [ RunTime:0.000000s ]
INFO: [ app_init ] --END-- [ RunTime:0.000000s ]
ERR: 无法加载模块:Index

[ 2018-08-14T10:05:33+08:00 ] 127.0.0.1 /index/login
INFO: [ app_init ] --START--
INFO: Run Behavior\BuildLiteBehavior [ RunTime:0.000000s ]
INFO: [ app_init ] --END-- [ RunTime:0.000000s ]
ERR: 无法加载模块:Index

[ 2018-08-14T10:05:38+08:00 ] 127.0.0.1 /index/login
INFO: [ app_init ] --START--
INFO: Run Behavior\BuildLiteBehavior [ RunTime:0.000000s ]
INFO: [ app_init ] --END-- [ RunTime:0.000000s ]
ERR: 无法加载模块:Index

[ 2018-08-14T10:05:51+08:00 ] 127.0.0.1 /index/login
INFO: [ app_init ] --START--
INFO: Run Behavior\BuildLiteBehavior [ RunTime:0.000000s ]
INFO: [ app_init ] --END-- [ RunTime:0.000000s ]
ERR: 无法加载模块:Index

[ 2018-08-14T10:06:07+08:00 ] 127.0.0.1 /index
INFO: [ app_init ] --START--
INFO: Run Behavior\BuildLiteBehavior [ RunTime:0.000000s ]
INFO: [ app_init ] --END-- [ RunTime:0.000000s ]
ERR: 无法加载模块:Index

[ 2018-08-14T10:08:14+08:00 ] 127.0.0.1 /oreopro.html
INFO: [ app_init ] --START--
INFO: Run Behavior\BuildLiteBehavior [ RunTime:0.000000s ]
INFO: [ app_init ] --END-- [ RunTime:0.000000s ]
ERR: 无法加载模块:Oreopro

[ 2018-08-14T10:08:33+08:00 ] 127.0.0.1 /oreopro.html
INFO: [ app_init ] --START--
INFO: Run Behavior\BuildLiteBehavior [ RunTime:0.000000s ]
INFO: [ app_init ] --END-- [ RunTime:0.000000s ]
ERR: 无法加载模块:Oreopro

[ 2018-08-14T10:09:36+08:00 ] 127.0.0.1 /oreopro.html
INFO: [ app_init ] --START--
INFO: Run Behavior\BuildLiteBehavior [ RunTime:0.000000s ]
INFO: [ app_init ] --END-- [ RunTime:0.000000s ]
ERR: 无法加载模块:Oreopro

[ 2018-08-14T10:09:45+08:00 ] 127.0.0.1 /oreopro.html
INFO: [ app_init ] --START--
INFO: Run Behavior\BuildLiteBehavior [ RunTime:0.000000s ]
INFO: [ app_init ] --END-- [ RunTime:0.000000s ]
ERR: 无法加载模块:Oreopro

[ 2018-08-14T10:13:22+08:00 ] 127.0.0.1 /Publicimg/logo.png
INFO: [ app_init ] --START--
INFO: Run Behavior\BuildLiteBehavior [ RunTime:0.000000s ]
INFO: [ app_init ] --END-- [ RunTime:0.000000s ]
ERR: 无法加载模块:Publicimg

[ 2018-08-14T10:13:22+08:00 ] 127.0.0.1 /Publiccss/sign.css
INFO: [ app_init ] --START--
INFO: Run Behavior\BuildLiteBehavior [ RunTime:0.000000s ]
INFO: [ app_init ] --END-- [ RunTime:0.000000s ]
ERR: 无法加载模块:Publiccss

[ 2018-08-14T10:13:22+08:00 ] 127.0.0.1 /Publicimg/sign-img1.png
INFO: [ app_init ] --START--
INFO: Run Behavior\BuildLiteBehavior [ RunTime:0.000000s ]
INFO: [ app_init ] --END-- [ RunTime:0.000000s ]
ERR: 无法加载模块:Publicimg

[ 2018-08-14T10:14:20+08:00 ] 127.0.0.1 /Publiccss/sign.css
INFO: [ app_init ] --START--
INFO: Run Behavior\BuildLiteBehavior [ RunTime:0.000000s ]
INFO: [ app_init ] --END-- [ RunTime:0.000000s ]
ERR: 无法加载模块:Publiccss

[ 2018-08-14T10:14:20+08:00 ] 127.0.0.1 /Publicimg/sign-img1.png
INFO: [ app_init ] --START--
INFO: Run Behavior\BuildLiteBehavior [ RunTime:0.000000s ]
INFO: [ app_init ] --END-- [ RunTime:0.001000s ]
ERR: 无法加载模块:Publicimg

[ 2018-08-14T10:14:20+08:00 ] 127.0.0.1 /Publicimg/logo.png
INFO: [ app_init ] --START--
INFO: Run Behavior\BuildLiteBehavior [ RunTime:0.000000s ]
INFO: [ app_init ] --END-- [ RunTime:0.000000s ]
ERR: 无法加载模块:Publicimg

[ 2018-08-14T10:14:25+08:00 ] 127.0.0.1 /Publiccss/sign.css
INFO: [ app_init ] --START--
INFO: Run Behavior\BuildLiteBehavior [ RunTime:0.000000s ]
INFO: [ app_init ] --END-- [ RunTime:0.000000s ]
ERR: 无法加载模块:Publiccss

[ 2018-08-14T10:14:37+08:00 ] 127.0.0.1 /Publiccss/sign.css
INFO: [ app_init ] --START--
INFO: Run Behavior\BuildLiteBehavior [ RunTime:0.000000s ]
INFO: [ app_init ] --END-- [ RunTime:0.000000s ]
ERR: 无法加载模块:Publiccss

g

[ 2018-08-14T10:14:37+08:00 ] 127.0.0.1 /Publicimg/logo.png
INFO: [ app_init ] --START--
INFO: Run Behavior\BuildLiteBehavior [ RunTime:0.000000s ]
INFO: [ app_init ] --END-- [ RunTime:0.001000s ]
ERR: 无法加载模块:Publicimg

[ 2018-08-14T10:14:38+08:00 ] 127.0.0.1 /Publicimg/logo.png
INFO: [ app_init ] --START--
INFO: Run Behavior\BuildLiteBehavior [ RunTime:0.000000s ]
INFO: [ app_init ] --END-- [ RunTime:0.000000s ]
ERR: 无法加载模块:Publicimg

[ 2018-08-14T10:14:38+08:00 ] 127.0.0.1 /Publiccss/sign.css
INFO: [ app_init ] --START--
INFO: Run Behavior\BuildLiteBehavior [ RunTime:0.000000s ]
INFO: [ app_init ] --END-- [ RunTime:0.000000s ]
ERR: 无法加载模块:Publiccss

[ 2018-08-14T10:14:38+08:00 ] 127.0.0.1 /Publicimg/sign-img1.png
INFO: [ app_init ] --START--
INFO: Run Behavior\BuildLiteBehavior [ RunTime:0.000000s ]
INFO: [ app_init ] --END-- [ RunTime:0.001000s ]
ERR: 无法加载模块:Publicimg

[ 2018-08-14T10:14:38+08:00 ] 127.0.0.1 /Publiccss/sign.css
INFO: [ app_init ] --START--
INFO: Run Behavior\BuildLiteBehavior [ RunTime:0.000000s ]
INFO: [ app_init ] --END-- [ RunTime:0.000000s ]
ERR: 无法加载模块:Publiccss

[ 2018-08-14T10:14:38+08:00 ] 127.0.0.1 /Publicimg/sign-img1.png
INFO: [ app_init ] --START--
INFO: Run Behavior\BuildLiteBehavior [ RunTime:0.000000s ]
INFO: [ app_init ] --END-- [ RunTime:0.000000s ]
ERR: 无法加载模块:Publicimg

[ 2018-08-14T10:14:38+08:00 ] 127.0.0.1 /Publicimg/logo.png
INFO: [ app_init ] --START--
INFO: Run Behavior\BuildLiteBehavior [ RunTime:0.000000s ]
INFO: [ app_init ] --END-- [ RunTime:0.001000s ]
ERR: 无法加载模块:Publicimg

[ 2018-08-14T10:14:38+08:00 ] 127.0.0.1 /Publicimg/logo.png
INFO: [ app_init ] --START--
INFO: Run Behavior\BuildLiteBehavior [ RunTime:0.000000s ]
INFO: [ app_init ] --END-- [ RunTime:0.000000s ]
ERR: 无法加载模块:Publicimg

[ 2018-08-14T10:14:38+08:00 ] 127.0.0.1 /Publicimg/sign-img1.png
INFO: [ app_init ] --START--
INFO: Run Behavior\BuildLiteBehavior [ RunTime:0.000000s ]
INFO: [ app_init ] --END-- [ RunTime:0.000000s ]
ERR: 无法加载模块:Publicimg

[ 2018-08-14T10:14:38+08:00 ] 127.0.0.1 /Publiccss/sign.css
INFO: [ app_init ] --START--
INFO: Run Behavior\BuildLiteBehavior [ RunTime:0.000000s ]
INFO: [ app_init ] --END-- [ RunTime:0.000000s ]
ERR: 无法加载模块:Publiccss

[ 2018-08-14T10:14:38+08:00 ] 127.0.0.1 /Publicimg/sign-img1.png
INFO: [ app_init ] --START--
INFO: Run Behavior\BuildLiteBehavior [ RunTime:0.000000s ]
INFO: [ app_init ] --END-- [ RunTime:0.001000s ]
ERR: 无法加载模块:Publicimg

[ 2018-08-14T10:14:38+08:00 ] 127.0.0.1 /Publiccss/sign.css
INFO: [ app_init ] --START--
INFO: Run Behavior\BuildLiteBehavior [ RunTime:0.000000s ]
INFO: [ app_init ] --END-- [ RunTime:0.000000s ]
ERR: 无法加载模块:Publiccss

[ 2018-08-14T10:14:38+08:00 ] 127.0.0.1 /Publicimg/logo.png
INFO: [ app_init ] --START--
INFO: Run Behavior\BuildLiteBehavior [ RunTime:0.000000s ]
INFO: [ app_init ] --END-- [ RunTime:0.000000s ]
ERR: 无法加载模块:Publicimg

[ 2018-08-14T20:57:36+08:00 ] 127.0.0.1 /favicon.ico
INFO: [ app_init ] --START--
INFO: Run Behavior\BuildLiteBehavior [ RunTime:0.000000s ]
INFO: [ app_init ] --END-- [ RunTime:0.000000s ]
ERR: 无法加载模块:Favicon

